2020.09.19 17:10:39 INFO  started: Metals version 0.9.3 in workspace 'C:\Users\ShaunHugh\Desktop\COMPASS2' for client vscode.
2020.09.19 17:10:40 INFO  time: initialize in 0.63s
2020.09.19 17:10:40 INFO  no build target: using presentation compiler with only scala-library
2020.09.19 17:10:43 WARN  no build target for: C:\Users\ShaunHugh\Desktop\2019 ass2\src\main\scala\SyntaxAnalysis.scala
2020.09.19 17:10:43 WARN  no build target for: C:\Users\ShaunHugh\Desktop\COMPASS2\src\test\scala\SyntaxAnalysisTests.scala
2020.09.19 17:10:43 WARN  no build target for: C:\Users\ShaunHugh\Desktop\COMPASS2\src\main\scala\SyntaxAnalysis.scala
2020.09.19 17:10:43 WARN  no build target for: C:\Users\ShaunHugh\Desktop\COMPASS2\src\main\scala\FunLangTree.scala
九月 19, 2020 5:10:43 下午 org.eclipse.lsp4j.jsonrpc.RemoteEndpoint handleCancellation
警告: Unmatched cancel notification for request id 6
九月 19, 2020 5:10:43 下午 org.eclipse.lsp4j.jsonrpc.RemoteEndpoint handleCancellation
警告: Unmatched cancel notification for request id 8
2020.09.19 17:11:10 INFO  shutting down Metals
2020.09.20 01:41:31 INFO  started: Metals version 0.9.3 in workspace 'C:\Users\ShaunHugh\Desktop\COMPASS2' for client vscode.
2020.09.20 01:41:32 INFO  time: initialize in 0.48s
2020.09.20 01:41:32 INFO  no build target: using presentation compiler with only scala-library
2020.09.20 01:41:32 INFO  skipping build import with status 'Requested'
2020.09.20 01:41:35 WARN  no build target for: C:\Users\ShaunHugh\Desktop\COMPASS2\src\main\scala\SyntaxAnalysis.scala
2020.09.20 01:41:35 WARN  no build target for: C:\Users\ShaunHugh\Desktop\今年材料\SyntaxAnalysis (1).scala
2020.09.20 01:41:35 WARN  no build target for: C:\Users\ShaunHugh\Desktop\今年材料\SyntaxAnalysisTests.scala
2020.09.20 01:48:33 INFO  shutting down Metals
